<?xml version="1.0" encoding="UTF-8"?>
<!-- Generated by org.testng.reporters.JUnitReportReporter -->
<testsuite hostname="LAPTOP-U2JGVIAA" failures="0" tests="1" name="GetAPiREsult.GetApiREsponseTest" time="0.912" errors="0" timestamp="04 Oct 2020 16:38:58 GMT" skipped="0">
  <testcase classname="GetAPiREsult.GetApiREsponseTest" name="getApiTest" time="0.912"/>
</testsuite> <!-- GetAPiREsult.GetApiREsponseTest -->
